This is pdfTeX, Version 3.14159265-2.6-1.40.19 (TeX Live 2019/dev/Debian) (preloaded format=pdflatex 2020.1.9)  12 MAR 2020 11:54
entering extended mode
 restricted \write18 enabled.
 %&-line parsing enabled.
**Juego.tex
(./Juego.tex
LaTeX2e <2018-12-01>
(/usr/share/texlive/texmf-dist/tex/latex/base/article.cls
Document Class: article 2018/09/03 v1.4i Standard LaTeX document class
(/usr/share/texlive/texmf-dist/tex/latex/base/size10.clo
File: size10.clo 2018/09/03 v1.4i Standard LaTeX file (size option)
)
\c@part=\count80
\c@section=\count81
\c@subsection=\count82
\c@subsubsection=\count83
\c@paragraph=\count84
\c@subparagraph=\count85
\c@figure=\count86
\c@table=\count87
\abovecaptionskip=\skip41
\belowcaptionskip=\skip42
\bibindent=\dimen102
)
(/usr/share/texlive/texmf-dist/tex/generic/babel/babel.sty
Package: babel 2018/11/13 3.27 The Babel package

(/usr/share/texlive/texmf-dist/tex/generic/babel/switch.def
File: switch.def 2018/11/13 3.27 Babel switching mechanism
)
(/usr/share/texlive/texmf-dist/tex/generic/babel-english/english.ldf
Language: english 2017/06/06 v3.3r English support from the babel system

(/usr/share/texlive/texmf-dist/tex/generic/babel/babel.def
File: babel.def 2018/11/13 3.27 Babel common definitions
\babel@savecnt=\count88
\U@D=\dimen103

(/usr/share/texlive/texmf-dist/tex/generic/babel/txtbabel.def)
\bbl@dirlevel=\count89
)
\l@canadian = a dialect from \language\l@american 
\l@australian = a dialect from \language\l@british 
\l@newzealand = a dialect from \language\l@british 
))
(/usr/share/texlive/texmf-dist/tex/latex/base/inputenc.sty
Package: inputenc 2018/08/11 v1.3c Input encoding file
\inpenc@prehook=\toks14
\inpenc@posthook=\toks15
)
(/usr/share/texlive/texmf-dist/tex/latex/psnfss/bookman.sty
Package: bookman 2005/04/12 PSNFSS-v9.2a (SPQR) 
)
(/usr/share/texlive/texmf-dist/tex/latex/graphics/color.sty
Package: color 2016/07/10 v1.1e Standard LaTeX Color (DPC)

(/usr/share/texlive/texmf-dist/tex/latex/graphics-cfg/color.cfg
File: color.cfg 2016/01/02 v1.6 sample color configuration
)
Package color Info: Driver file: pdftex.def on input line 147.

(/usr/share/texlive/texmf-dist/tex/latex/graphics-def/pdftex.def
File: pdftex.def 2018/01/08 v1.0l Graphics/color driver for pdftex
))
(/usr/share/texlive/texmf-dist/tex/latex/graphics/graphicx.sty
Package: graphicx 2017/06/01 v1.1a Enhanced LaTeX Graphics (DPC,SPQR)

(/usr/share/texlive/texmf-dist/tex/latex/graphics/keyval.sty
Package: keyval 2014/10/28 v1.15 key=value parser (DPC)
\KV@toks@=\toks16
)
(/usr/share/texlive/texmf-dist/tex/latex/graphics/graphics.sty
Package: graphics 2017/06/25 v1.2c Standard LaTeX Graphics (DPC,SPQR)

(/usr/share/texlive/texmf-dist/tex/latex/graphics/trig.sty
Package: trig 2016/01/03 v1.10 sin cos tan (DPC)
)
(/usr/share/texlive/texmf-dist/tex/latex/graphics-cfg/graphics.cfg
File: graphics.cfg 2016/06/04 v1.11 sample graphics configuration
)
Package graphics Info: Driver file: pdftex.def on input line 99.
)
\Gin@req@height=\dimen104
\Gin@req@width=\dimen105
)
(/usr/share/texlive/texmf-dist/tex/latex/hyperref/hyperref.sty
Package: hyperref 2018/11/30 v6.88e Hypertext links for LaTeX

(/usr/share/texlive/texmf-dist/tex/generic/oberdiek/hobsub-hyperref.sty
Package: hobsub-hyperref 2016/05/16 v1.14 Bundle oberdiek, subset hyperref (HO)


(/usr/share/texlive/texmf-dist/tex/generic/oberdiek/hobsub-generic.sty
Package: hobsub-generic 2016/05/16 v1.14 Bundle oberdiek, subset generic (HO)
Package: hobsub 2016/05/16 v1.14 Construct package bundles (HO)
Package: infwarerr 2016/05/16 v1.4 Providing info/warning/error messages (HO)
Package: ltxcmds 2016/05/16 v1.23 LaTeX kernel commands for general use (HO)
Package: ifluatex 2016/05/16 v1.4 Provides the ifluatex switch (HO)
Package ifluatex Info: LuaTeX not detected.
Package: ifvtex 2016/05/16 v1.6 Detect VTeX and its facilities (HO)
Package ifvtex Info: VTeX not detected.
Package: intcalc 2016/05/16 v1.2 Expandable calculations with integers (HO)
Package: ifpdf 2018/09/07 v3.3 Provides the ifpdf switch
Package: etexcmds 2016/05/16 v1.6 Avoid name clashes with e-TeX commands (HO)
Package: kvsetkeys 2016/05/16 v1.17 Key value parser (HO)
Package: kvdefinekeys 2016/05/16 v1.4 Define keys (HO)
Package: pdftexcmds 2018/09/10 v0.29 Utility functions of pdfTeX for LuaTeX (HO
)
Package pdftexcmds Info: LuaTeX not detected.
Package pdftexcmds Info: \pdf@primitive is available.
Package pdftexcmds Info: \pdf@ifprimitive is available.
Package pdftexcmds Info: \pdfdraftmode found.
Package: pdfescape 2016/05/16 v1.14 Implements pdfTeX's escape features (HO)
Package: bigintcalc 2016/05/16 v1.4 Expandable calculations on big integers (HO
)
Package: bitset 2016/05/16 v1.2 Handle bit-vector datatype (HO)
Package: uniquecounter 2016/05/16 v1.3 Provide unlimited unique counter (HO)
)
Package hobsub Info: Skipping package `hobsub' (already loaded).
Package: letltxmacro 2016/05/16 v1.5 Let assignment for LaTeX macros (HO)
Package: hopatch 2016/05/16 v1.3 Wrapper for package hooks (HO)
Package: xcolor-patch 2016/05/16 xcolor patch
Package: atveryend 2016/05/16 v1.9 Hooks at the very end of document (HO)
Package atveryend Info: \enddocument detected (standard20110627).
Package: atbegshi 2016/06/09 v1.18 At begin shipout hook (HO)
Package: refcount 2016/05/16 v3.5 Data extraction from label references (HO)
Package: hycolor 2016/05/16 v1.8 Color options for hyperref/bookmark (HO)
)
(/usr/share/texlive/texmf-dist/tex/generic/ifxetex/ifxetex.sty
Package: ifxetex 2010/09/12 v0.6 Provides ifxetex conditional
)
(/usr/share/texlive/texmf-dist/tex/latex/oberdiek/auxhook.sty
Package: auxhook 2016/05/16 v1.4 Hooks for auxiliary files (HO)
)
(/usr/share/texlive/texmf-dist/tex/latex/oberdiek/kvoptions.sty
Package: kvoptions 2016/05/16 v3.12 Key value format for package options (HO)
)
\@linkdim=\dimen106
\Hy@linkcounter=\count90
\Hy@pagecounter=\count91

(/usr/share/texlive/texmf-dist/tex/latex/hyperref/pd1enc.def
File: pd1enc.def 2018/11/30 v6.88e Hyperref: PDFDocEncoding definition (HO)
Now handling font encoding PD1 ...
... no UTF-8 mapping file for font encoding PD1
)
\Hy@SavedSpaceFactor=\count92

(/usr/share/texlive/texmf-dist/tex/latex/latexconfig/hyperref.cfg
File: hyperref.cfg 2002/06/06 v1.2 hyperref configuration of TeXLive
)

Package hyperref Warning: Unexpected value for option `pdftex'
(hyperref)                is ignored on input line 4393.

Package hyperref Info: Option `colorlinks' set `true' on input line 4393.
Package hyperref Info: Hyper figures OFF on input line 4519.
Package hyperref Info: Link nesting OFF on input line 4524.
Package hyperref Info: Hyper index ON on input line 4527.
Package hyperref Info: Plain pages OFF on input line 4534.
Package hyperref Info: Backreferencing OFF on input line 4539.
Package hyperref Info: Implicit mode ON; LaTeX internals redefined.
Package hyperref Info: Bookmarks ON on input line 4772.
\c@Hy@tempcnt=\count93
(/usr/share/texlive/texmf-dist/tex/latex/url/url.sty
\Urlmuskip=\muskip10
Package: url 2013/09/16  ver 3.4  Verb mode for urls, etc.
)
LaTeX Info: Redefining \url on input line 5125.
\XeTeXLinkMargin=\dimen107
\Fld@menulength=\count94
\Field@Width=\dimen108
\Fld@charsize=\dimen109
Package hyperref Info: Hyper figures OFF on input line 6380.
Package hyperref Info: Link nesting OFF on input line 6385.
Package hyperref Info: Hyper index ON on input line 6388.
Package hyperref Info: backreferencing OFF on input line 6395.
Package hyperref Info: Link coloring ON on input line 6398.
Package hyperref Info: Link coloring with OCG OFF on input line 6405.
Package hyperref Info: PDF/A mode OFF on input line 6410.
LaTeX Info: Redefining \ref on input line 6450.
LaTeX Info: Redefining \pageref on input line 6454.
\Hy@abspage=\count95
\c@Item=\count96
\c@Hfootnote=\count97
)
Package hyperref Info: Driver: hpdftex.

(/usr/share/texlive/texmf-dist/tex/latex/hyperref/hpdftex.def
File: hpdftex.def 2018/11/30 v6.88e Hyperref driver for pdfTeX
\Fld@listcount=\count98
\c@bookmark@seq@number=\count99

(/usr/share/texlive/texmf-dist/tex/latex/oberdiek/rerunfilecheck.sty
Package: rerunfilecheck 2016/05/16 v1.8 Rerun checks for auxiliary files (HO)
Package uniquecounter Info: New unique counter `rerunfilecheck' on input line 2
82.
)
\Hy@SectionHShift=\skip43
)
(./Juego.aux)
\openout1 = `Juego.aux'.

LaTeX Font Info:    Checking defaults for OML/cmm/m/it on input line 16.
LaTeX Font Info:    ... okay on input line 16.
LaTeX Font Info:    Checking defaults for T1/cmr/m/n on input line 16.
LaTeX Font Info:    ... okay on input line 16.
LaTeX Font Info:    Checking defaults for OT1/cmr/m/n on input line 16.
LaTeX Font Info:    ... okay on input line 16.
LaTeX Font Info:    Checking defaults for OMS/cmsy/m/n on input line 16.
LaTeX Font Info:    ... okay on input line 16.
LaTeX Font Info:    Checking defaults for OMX/cmex/m/n on input line 16.
LaTeX Font Info:    ... okay on input line 16.
LaTeX Font Info:    Checking defaults for U/cmr/m/n on input line 16.
LaTeX Font Info:    ... okay on input line 16.
LaTeX Font Info:    Checking defaults for PD1/pdf/m/n on input line 16.
LaTeX Font Info:    ... okay on input line 16.
LaTeX Font Info:    Try loading font information for OT1+pbk on input line 16.
 (/usr/share/texlive/texmf-dist/tex/latex/psnfss/ot1pbk.fd
File: ot1pbk.fd 2001/06/04 font definitions for OT1/pbk.
)
LaTeX Font Info:    Font shape `OT1/pbk/m/n' in size <10> not available
(Font)              Font shape `OT1/pbk/l/n' tried instead on input line 16.

(/usr/share/texlive/texmf-dist/tex/context/base/mkii/supp-pdf.mkii
[Loading MPS to PDF converter (version 2006.09.02).]
\scratchcounter=\count100
\scratchdimen=\dimen110
\scratchbox=\box27
\nofMPsegments=\count101
\nofMParguments=\count102
\everyMPshowfont=\toks17
\MPscratchCnt=\count103
\MPscratchDim=\dimen111
\MPnumerator=\count104
\makeMPintoPDFobject=\count105
\everyMPtoPDFconversion=\toks18
) (/usr/share/texlive/texmf-dist/tex/latex/oberdiek/epstopdf-base.sty
Package: epstopdf-base 2016/05/15 v2.6 Base part for package epstopdf

(/usr/share/texlive/texmf-dist/tex/latex/oberdiek/grfext.sty
Package: grfext 2016/05/16 v1.2 Manage graphics extensions (HO)
)
Package epstopdf-base Info: Redefining graphics rule for `.eps' on input line 4
38.
Package grfext Info: Graphics extension search list:
(grfext)             [.pdf,.png,.jpg,.mps,.jpeg,.jbig2,.jb2,.PDF,.PNG,.JPG,.JPE
G,.JBIG2,.JB2,.eps]
(grfext)             \AppendGraphicsExtensions on input line 456.

(/usr/share/texlive/texmf-dist/tex/latex/latexconfig/epstopdf-sys.cfg
File: epstopdf-sys.cfg 2010/07/13 v1.3 Configuration of (r)epstopdf for TeX Liv
e
))
\AtBeginShipoutBox=\box28
Package hyperref Info: Link coloring ON on input line 16.

(/usr/share/texlive/texmf-dist/tex/latex/hyperref/nameref.sty
Package: nameref 2016/05/21 v2.44 Cross-referencing by name of section

(/usr/share/texlive/texmf-dist/tex/generic/oberdiek/gettitlestring.sty
Package: gettitlestring 2016/05/16 v1.5 Cleanup title references (HO)
)
\c@section@level=\count106
)
LaTeX Info: Redefining \ref on input line 16.
LaTeX Info: Redefining \pageref on input line 16.
LaTeX Info: Redefining \nameref on input line 16.

(./Juego.out) (./Juego.out)
\@outlinefile=\write3
\openout3 = `Juego.out'.

<USB.jpeg, id=68, 303.38344pt x 206.27063pt>
File: USB.jpeg Graphic file (type jpg)
<use USB.jpeg>
Package pdftex.def Info: USB.jpeg  used on input line 19.
(pdftex.def)             Requested size: 75.84567pt x 51.56752pt.
LaTeX Font Info:    Font shape `OT1/pbk/m/sc' in size <10> not available
(Font)              Font shape `OT1/pbk/l/sc' tried instead on input line 21.
LaTeX Font Info:    Font shape `OT1/pbk/m/sc' in size <17.28> not available
(Font)              Font shape `OT1/pbk/l/sc' tried instead on input line 21.
LaTeX Font Info:    Font shape `OT1/pbk/m/sc' in size <14.4> not available
(Font)              Font shape `OT1/pbk/l/sc' tried instead on input line 22.
LaTeX Font Info:    Font shape `OT1/pbk/m/n' in size <20.74> not available
(Font)              Font shape `OT1/pbk/l/n' tried instead on input line 25.
LaTeX Font Info:    Font shape `OT1/pbk/bx/n' in size <20.74> not available
(Font)              Font shape `OT1/pbk/b/n' tried instead on input line 25.
LaTeX Font Info:    Font shape `OT1/pbk/b/n' in size <20.74> not available
(Font)              Font shape `OT1/pbk/db/n' tried instead on input line 25.
LaTeX Font Info:    Font shape `OT1/pbk/m/n' in size <12> not available
(Font)              Font shape `OT1/pbk/l/n' tried instead on input line 29.
<spaceinvader.jpg, id=69, 469.755pt x 361.35pt>
File: spaceinvader.jpg Graphic file (type jpg)
<use spaceinvader.jpg>
Package pdftex.def Info: spaceinvader.jpg  used on input line 30.
(pdftex.def)             Requested size: 117.43846pt x 90.33728pt.
LaTeX Font Info:    Font shape `OT1/pbk/m/it' in size <12> not available
(Font)              Font shape `OT1/pbk/l/it' tried instead on input line 31.
LaTeX Font Info:    External font `cmex10' loaded for size
(Font)              <7> on input line 37.
LaTeX Font Info:    External font `cmex10' loaded for size
(Font)              <5> on input line 37.
 [1

{/var/lib/texmf/fonts/map/pdftex/updmap/pdftex.map} <./USB.jpeg> <./spaceinvade
r.jpg>]
LaTeX Font Info:    Font shape `OT1/pbk/m/n' in size <14.4> not available
(Font)              Font shape `OT1/pbk/l/n' tried instead on input line 50.
LaTeX Font Info:    Font shape `OT1/pbk/bx/n' in size <14.4> not available
(Font)              Font shape `OT1/pbk/b/n' tried instead on input line 50.
LaTeX Font Info:    Font shape `OT1/pbk/b/n' in size <14.4> not available
(Font)              Font shape `OT1/pbk/db/n' tried instead on input line 50.
LaTeX Font Info:    Font shape `OT1/pbk/bx/n' in size <10> not available
(Font)              Font shape `OT1/pbk/b/n' tried instead on input line 51.
LaTeX Font Info:    Font shape `OT1/pbk/b/n' in size <10> not available
(Font)              Font shape `OT1/pbk/db/n' tried instead on input line 51.
LaTeX Font Info:    Try loading font information for OMS+pbk on input line 64.

(/usr/share/texlive/texmf-dist/tex/latex/psnfss/omspbk.fd
File: omspbk.fd 
)
LaTeX Font Info:    Font shape `OMS/pbk/m/n' in size <10> not available
(Font)              Font shape `OMS/cmsy/m/n' tried instead on input line 64.

Overfull \hbox (0.89868pt too wide) in paragraph at lines 64--65
\OT1/pbk/l/n/10 quieren ir, apare-cer[]a un por-tal cor-re-spon-di-ente (esto o
cur-rira cada
 []

pdfTeX warning (ext4): destination with the same identifier (name{page.1}) has 
been already used, duplicate ignored
<to be read again> 
                   \relax 
l.82 		\item \textbf
                    {sudo genPrueba.py} [1

]
Underfull \hbox (badness 10000) in paragraph at lines 106--107

 []

[2]
LaTeX Font Info:    Font shape `OT1/pbk/m/it' in size <10> not available
(Font)              Font shape `OT1/pbk/l/it' tried instead on input line 108.

Underfull \hbox (badness 10000) in paragraph at lines 108--109

 []


Underfull \hbox (badness 10000) in paragraph at lines 110--111

 []


Underfull \hbox (badness 10000) in paragraph at lines 112--113

 []


Underfull \hbox (badness 10000) in paragraph at lines 114--115

 []


Underfull \hbox (badness 10000) in paragraph at lines 122--123

 []


Underfull \hbox (badness 10000) in paragraph at lines 124--125

 []


Underfull \hbox (badness 10000) in paragraph at lines 126--127

 []


Underfull \hbox (badness 10000) in paragraph at lines 128--129

 []


Underfull \hbox (badness 10000) in paragraph at lines 130--131

 []


Underfull \hbox (badness 10000) in paragraph at lines 132--133

 []

[3]
Overfull \hbox (0.78618pt too wide) in paragraph at lines 134--135
\OT1/pbk/l/it/10 gros que habi-tan es-tas tier-ras. Tambi[]en les con-ferir[]e 
cuer-pos m[]as fuertes
 []


Underfull \hbox (badness 10000) in paragraph at lines 134--135

 []


Underfull \hbox (badness 10000) in paragraph at lines 136--137

 []


Underfull \hbox (badness 10000) in paragraph at lines 138--139

 []


Underfull \hbox (badness 10000) in paragraph at lines 140--141

 []


Underfull \hbox (badness 10000) in paragraph at lines 142--143

 []


Underfull \hbox (badness 10000) in paragraph at lines 144--145

 []


Underfull \hbox (badness 10000) in paragraph at lines 146--147

 []


Underfull \hbox (badness 10000) in paragraph at lines 148--149

 []


Underfull \hbox (badness 10000) in paragraph at lines 150--151

 []


Underfull \hbox (badness 10000) in paragraph at lines 152--153

 []


Overfull \hbox (1.2235pt too wide) in paragraph at lines 154--155
[] \OT1/pbk/l/it/10 "Tam-bien tienen poderes es-pe-ciales. El ca-ballero puede 
blo-quear ataques,
 []


Underfull \hbox (badness 10000) in paragraph at lines 154--155

 []

[4]
Underfull \hbox (badness 10000) in paragraph at lines 156--157

 []


Underfull \hbox (badness 10000) in paragraph at lines 158--159

 []

LaTeX Font Info:    Font shape `OT1/pbk/bx/n' in size <12> not available
(Font)              Font shape `OT1/pbk/b/n' tried instead on input line 162.
LaTeX Font Info:    Font shape `OT1/pbk/b/n' in size <12> not available
(Font)              Font shape `OT1/pbk/db/n' tried instead on input line 162.

Underfull \hbox (badness 10000) in paragraph at lines 175--176

 []

LaTeX Font Info:    Font shape `OT1/pbk/bx/it' in size <10> not available
(Font)              Font shape `OT1/pbk/b/it' tried instead on input line 177.
LaTeX Font Info:    Font shape `OT1/pbk/b/it' in size <10> not available
(Font)              Font shape `OT1/pbk/db/it' tried instead on input line 177.


Underfull \hbox (badness 10000) in paragraph at lines 177--179

 []


Underfull \hbox (badness 10000) in paragraph at lines 183--187

 []

[5]
Underfull \hbox (badness 10000) in paragraph at lines 188--192

 []


Underfull \hbox (badness 10000) in paragraph at lines 188--192

 []


Underfull \hbox (badness 10000) in paragraph at lines 193--196

 []


Overfull \hbox (10.73756pt too wide) in paragraph at lines 197--200
[]\OT1/pbk/l/n/10 "(ID: aaron) Ver cuanto pe-san en to-tal los di-rec-to-rios (
no los archivos)
 []


Underfull \hbox (badness 10000) in paragraph at lines 197--200

 []


Underfull \hbox (badness 10000) in paragraph at lines 201--204

 []


Underfull \hbox (badness 10000) in paragraph at lines 210--212

 []


Underfull \hbox (badness 10000) in paragraph at lines 213--216

 []

[6]
Overfull \hbox (5.75226pt too wide) in paragraph at lines 217--220
[]\OT1/pbk/db/it/10 Maga: \OT1/pbk/l/it/10 '"El codigo $\OML/cmm/m/it/10 <$\OT1
/pbk/l/it/10 CODE$\OML/cmm/m/it/10 >$ \OT1/pbk/l/it/10 les servira para des-blo
-quear este mundo
 []


Underfull \hbox (badness 10000) in paragraph at lines 217--220

 []


Overfull \hbox (5.75226pt too wide) in paragraph at lines 221--225
[]\OT1/pbk/db/it/10 Maga: \OT1/pbk/l/it/10 '"El codigo $\OML/cmm/m/it/10 <$\OT1
/pbk/l/it/10 CODE$\OML/cmm/m/it/10 >$ \OT1/pbk/l/it/10 les servira para des-blo
-quear este mundo
 []


Underfull \hbox (badness 10000) in paragraph at lines 221--225

 []


Underfull \hbox (badness 10000) in paragraph at lines 230--231

 []


Underfull \hbox (badness 10000) in paragraph at lines 235--238

 []


Underfull \hbox (badness 10000) in paragraph at lines 239--243

 []


Underfull \hbox (badness 10000) in paragraph at lines 239--243

 []


Underfull \hbox (badness 10000) in paragraph at lines 244--247

 []


Underfull \hbox (badness 10000) in paragraph at lines 248--251

 []

[7]
Underfull \hbox (badness 10000) in paragraph at lines 252--255

 []


Underfull \hbox (badness 10000) in paragraph at lines 261--262

 []


Underfull \hbox (badness 10000) in paragraph at lines 266--269

 []


Underfull \hbox (badness 10000) in paragraph at lines 270--273

 []


Underfull \hbox (badness 10000) in paragraph at lines 274--277

 []


Underfull \hbox (badness 10000) in paragraph at lines 278--281

 []


Underfull \hbox (badness 10000) in paragraph at lines 282--285

 []

[8]
Underfull \hbox (badness 10000) in paragraph at lines 291--292

 []


Overfull \hbox (1.05739pt too wide) in paragraph at lines 296--299
[]\OT1/pbk/l/n/10 "(ID: dummy) Lis-tar los archivos del mundo ac-tual (Kono-ha-
gakure)
 []


Underfull \hbox (badness 10000) in paragraph at lines 296--299

 []


Underfull \hbox (badness 10000) in paragraph at lines 300--303

 []


Overfull \hbox (1.81694pt too wide) in paragraph at lines 304--307
[]\OT1/pbk/l/n/10 "(ID: gyftrot) Bus-car en el di-rec-to-rio ac-tual el archivo
 cuyo tamanyo
 []


Underfull \hbox (badness 10000) in paragraph at lines 304--307

 []


Underfull \hbox (badness 10000) in paragraph at lines 308--311

 []


Underfull \hbox (badness 10000) in paragraph at lines 312--315

 []


Overfull \hbox (13.56163pt too wide) in paragraph at lines 321--322
\OT1/pbk/l/it/10 hasta ac[]a, para sacarme d...la SIGST...GRIAL. Ya... no pod..
re .. com..carme
 []


Underfull \hbox (badness 10000) in paragraph at lines 321--322

 []

[9]
Underfull \hbox (badness 10000) in paragraph at lines 326--329

 []


Underfull \hbox (badness 10000) in paragraph at lines 330--333

 []


Underfull \hbox (badness 10000) in paragraph at lines 334--337

 []


Underfull \hbox (badness 10000) in paragraph at lines 338--341

 []


Underfull \hbox (badness 10000) in paragraph at lines 342--345

 []


Underfull \hbox (badness 10000) in paragraph at lines 349--350

 []


Underfull \hbox (badness 10000) in paragraph at lines 351--354

 []


Underfull \hbox (badness 10000) in paragraph at lines 355--356

 []


Underfull \hbox (badness 10000) in paragraph at lines 357--358

 []


Underfull \hbox (badness 10000) in paragraph at lines 359--360

 []

[10]
Underfull \hbox (badness 10000) in paragraph at lines 361--362

 []


Underfull \hbox (badness 10000) in paragraph at lines 363--364

 []


Underfull \hbox (badness 10000) in paragraph at lines 365--366

 []


Overfull \hbox (6.44101pt too wide) in paragraph at lines 367--368
[]\OT1/pbk/l/it/10 'Pero bueno, basta de tanta ch[]achara. Ahora los matar[]e p
ara apoder-
 []


Underfull \hbox (badness 10000) in paragraph at lines 367--368

 []


Underfull \hbox (badness 10000) in paragraph at lines 375--376

 []

[11]
Underfull \hbox (badness 10000) in paragraph at lines 382--383

 []


Underfull \hbox (badness 10000) in paragraph at lines 384--385

 []


Overfull \hbox (5.73611pt too wide) in paragraph at lines 386--387
[]\OT1/pbk/l/it/10 '3N53R10 P13N54N QU3 9U3D3N C0NTR4 M1?! L0 PAG4R4N CAR0.
 []


Underfull \hbox (badness 10000) in paragraph at lines 386--387

 []


Underfull \hbox (badness 10000) in paragraph at lines 388--389

 []


Underfull \hbox (badness 10000) in paragraph at lines 390--391

 []

Package atveryend Info: Empty hook `BeforeClearDocument' on input line 402.
[12]
Package atveryend Info: Empty hook `AfterLastShipout' on input line 402.
 (./Juego.aux)
Package atveryend Info: Executing hook `AtVeryEndDocument' on input line 402.
Package atveryend Info: Executing hook `AtEndAfterFileList' on input line 402.
Package rerunfilecheck Info: File `Juego.out' has not changed.
(rerunfilecheck)             Checksum: DE6FE5C1330E06DA960C20A1517F4C4B;737.
Package atveryend Info: Empty hook `AtVeryVeryEnd' on input line 402.
 ) 
Here is how much of TeX's memory you used:
 5733 strings out of 494518
 84291 string characters out of 6176314
 178953 words of memory out of 5000000
 9305 multiletter control sequences out of 15000+600000
 18941 words of font info for 42 fonts, out of 8000000 for 9000
 36 hyphenation exceptions out of 8191
 28i,6n,28p,840b,400s stack positions out of 5000i,500n,10000p,200000b,80000s
{/usr/share/texlive/texmf-dist/fonts/enc/dvips/base/8r.enc}</usr/share/texliv
e/texmf-dist/fonts/type1/public/amsfonts/cm/cmmi10.pfb></usr/share/texlive/texm
f-dist/fonts/type1/public/amsfonts/cm/cmsy10.pfb></usr/share/texlive/texmf-dist
/fonts/type1/urw/bookman/ubkd8a.pfb></usr/share/texlive/texmf-dist/fonts/type1/
urw/bookman/ubkdi8a.pfb></usr/share/texlive/texmf-dist/fonts/type1/urw/bookman/
ubkl8a.pfb></usr/share/texlive/texmf-dist/fonts/type1/urw/bookman/ubkli8a.pfb>
Output written on Juego.pdf (13 pages, 150122 bytes).
PDF statistics:
 177 PDF objects out of 1000 (max. 8388607)
 152 compressed objects within 2 object streams
 41 named destinations out of 1000 (max. 500000)
 139 words of extra memory for PDF output out of 10000 (max. 10000000)

